2026-01-28 13:41:50,152 - ERROR - HASH MISMATCH: core_bucket_bridge.py - Expected: F259D8A3BB5B3B90... Actual: f259d8a3bb5b3b90...
2026-01-28 13:41:50,152 - ERROR - HASH MISMATCH: automation/runner.py - Expected: 91289424B1B4B107... Actual: 91289424b1b4b107...
2026-01-28 13:41:50,221 - ERROR - Monitoring error: [WinError 2] The system cannot find the file specified
2026-01-28 13:41:50,232 - CRITICAL - Violations found:
2026-01-28 13:41:50,232 - CRITICAL -   - HASH MISMATCH: core_bucket_bridge.py - Expected: F259D8A3BB5B3B90... Actual: f259d8a3bb5b3b90...
2026-01-28 13:41:50,232 - CRITICAL -   - HASH MISMATCH: automation/runner.py - Expected: 91289424B1B4B107... Actual: 91289424b1b4b107...
2026-01-28 13:42:53,335 - ERROR - Monitoring error: [WinError 2] The system cannot find the file specified
2026-01-28 13:43:53,345 - ERROR - Monitoring error: [WinError 2] The system cannot find the file specified
2026-01-28 13:44:53,349 - ERROR - Monitoring error: [WinError 2] The system cannot find the file specified
2026-01-28 13:45:53,353 - ERROR - Monitoring error: [WinError 2] The system cannot find the file specified
2026-01-28 13:46:53,356 - ERROR - Monitoring error: [WinError 2] The system cannot find the file specified
2026-01-28 13:47:53,361 - ERROR - Monitoring error: [WinError 2] The system cannot find the file specified
2026-01-28 13:48:53,365 - ERROR - Monitoring error: [WinError 2] The system cannot find the file specified
2026-01-28 13:49:53,369 - ERROR - Monitoring error: [WinError 2] The system cannot find the file specified
2026-01-28 13:50:53,375 - ERROR - Monitoring error: [WinError 2] The system cannot find the file specified
2026-01-28 13:51:53,383 - ERROR - Monitoring error: [WinError 2] The system cannot find the file specified
2026-01-28 13:52:53,388 - ERROR - Monitoring error: [WinError 2] The system cannot find the file specified
2026-01-28 13:53:53,389 - ERROR - Monitoring error: [WinError 2] The system cannot find the file specified
2026-01-28 13:54:53,396 - ERROR - Monitoring error: [WinError 2] The system cannot find the file specified
2026-01-28 13:55:53,397 - ERROR - Monitoring error: [WinError 2] The system cannot find the file specified
2026-01-28 13:56:53,402 - ERROR - Monitoring error: [WinError 2] The system cannot find the file specified
2026-01-28 13:57:53,409 - ERROR - Monitoring error: [WinError 2] The system cannot find the file specified
2026-01-28 13:58:53,412 - ERROR - Monitoring error: [WinError 2] The system cannot find the file specified
2026-01-28 13:59:53,416 - ERROR - Monitoring error: [WinError 2] The system cannot find the file specified
2026-01-28 14:00:53,419 - ERROR - Monitoring error: [WinError 2] The system cannot find the file specified
2026-01-28 14:01:53,427 - ERROR - Monitoring error: [WinError 2] The system cannot find the file specified
2026-01-28 14:02:53,428 - ERROR - Monitoring error: [WinError 2] The system cannot find the file specified
2026-01-28 14:51:01,272 - ERROR - Monitoring error: [WinError 2] The system cannot find the file specified
2026-01-28 14:52:01,290 - ERROR - Monitoring error: [WinError 2] The system cannot find the file specified
2026-01-28 14:53:01,294 - ERROR - Monitoring error: [WinError 2] The system cannot find the file specified
2026-01-28 14:54:01,299 - ERROR - Monitoring error: [WinError 2] The system cannot find the file specified
2026-01-28 14:55:01,303 - ERROR - Monitoring error: [WinError 2] The system cannot find the file specified
2026-01-28 14:56:01,307 - ERROR - Monitoring error: [WinError 2] The system cannot find the file specified
2026-01-28 14:57:01,312 - ERROR - Monitoring error: [WinError 2] The system cannot find the file specified
2026-01-28 14:58:01,316 - ERROR - Monitoring error: [WinError 2] The system cannot find the file specified
2026-01-28 14:59:01,319 - ERROR - Monitoring error: [WinError 2] The system cannot find the file specified
2026-01-28 15:00:01,324 - ERROR - Monitoring error: [WinError 2] The system cannot find the file specified
2026-01-28 15:01:01,328 - ERROR - Monitoring error: [WinError 2] The system cannot find the file specified
2026-01-28 15:02:01,330 - ERROR - Monitoring error: [WinError 2] The system cannot find the file specified
2026-01-28 15:03:01,334 - ERROR - Monitoring error: [WinError 2] The system cannot find the file specified
2026-01-28 15:04:01,338 - ERROR - Monitoring error: [WinError 2] The system cannot find the file specified
2026-01-28 15:05:01,343 - ERROR - Monitoring error: [WinError 2] The system cannot find the file specified
2026-01-28 15:06:01,347 - ERROR - Monitoring error: [WinError 2] The system cannot find the file specified
2026-01-28 15:07:01,349 - ERROR - Monitoring error: [WinError 2] The system cannot find the file specified
2026-01-28 15:08:01,354 - ERROR - Monitoring error: [WinError 2] The system cannot find the file specified
2026-01-28 15:09:01,358 - ERROR - Monitoring error: [WinError 2] The system cannot find the file specified
2026-01-28 15:10:01,364 - ERROR - Monitoring error: [WinError 2] The system cannot find the file specified
2026-01-28 15:11:01,366 - ERROR - Monitoring error: [WinError 2] The system cannot find the file specified
2026-01-28 15:12:01,370 - ERROR - Monitoring error: [WinError 2] The system cannot find the file specified
2026-01-28 15:13:01,376 - ERROR - Monitoring error: [WinError 2] The system cannot find the file specified
2026-01-28 15:14:01,380 - ERROR - Monitoring error: [WinError 2] The system cannot find the file specified
2026-01-28 15:15:01,388 - ERROR - Monitoring error: [WinError 2] The system cannot find the file specified
2026-01-28 15:16:01,390 - ERROR - Monitoring error: [WinError 2] The system cannot find the file specified
2026-01-28 15:17:01,393 - ERROR - Monitoring error: [WinError 2] The system cannot find the file specified
2026-01-28 15:18:01,396 - ERROR - Monitoring error: [WinError 2] The system cannot find the file specified
2026-01-28 15:19:01,398 - ERROR - Monitoring error: [WinError 2] The system cannot find the file specified
2026-01-28 15:20:01,400 - ERROR - Monitoring error: [WinError 2] The system cannot find the file specified
2026-01-28 15:21:01,403 - ERROR - Monitoring error: [WinError 2] The system cannot find the file specified
2026-01-28 15:22:01,404 - ERROR - Monitoring error: [WinError 2] The system cannot find the file specified
2026-01-28 15:23:01,406 - ERROR - Monitoring error: [WinError 2] The system cannot find the file specified
2026-01-28 15:24:01,408 - ERROR - Monitoring error: [WinError 2] The system cannot find the file specified
2026-01-28 15:25:01,410 - ERROR - Monitoring error: [WinError 2] The system cannot find the file specified
2026-01-28 15:26:01,411 - ERROR - Monitoring error: [WinError 2] The system cannot find the file specified
2026-01-28 15:27:01,417 - ERROR - Monitoring error: [WinError 2] The system cannot find the file specified
2026-01-28 15:28:01,423 - ERROR - Monitoring error: [WinError 2] The system cannot find the file specified
2026-01-28 15:29:01,425 - ERROR - Monitoring error: [WinError 2] The system cannot find the file specified
2026-01-28 15:30:01,427 - ERROR - Monitoring error: [WinError 2] The system cannot find the file specified
2026-01-28 15:31:01,429 - ERROR - Monitoring error: [WinError 2] The system cannot find the file specified
2026-01-28 15:32:01,432 - ERROR - Monitoring error: [WinError 2] The system cannot find the file specified
2026-01-28 15:33:01,435 - ERROR - Monitoring error: [WinError 2] The system cannot find the file specified
2026-01-28 15:34:01,438 - ERROR - Monitoring error: [WinError 2] The system cannot find the file specified
2026-01-28 15:35:01,439 - ERROR - Monitoring error: [WinError 2] The system cannot find the file specified
2026-01-28 15:36:01,442 - ERROR - Monitoring error: [WinError 2] The system cannot find the file specified
2026-01-28 15:37:01,444 - ERROR - Monitoring error: [WinError 2] The system cannot find the file specified
2026-01-28 15:38:01,446 - ERROR - Monitoring error: [WinError 2] The system cannot find the file specified
2026-01-28 15:39:01,448 - ERROR - Monitoring error: [WinError 2] The system cannot find the file specified
2026-01-28 15:40:01,451 - ERROR - Monitoring error: [WinError 2] The system cannot find the file specified
2026-01-28 15:41:01,453 - ERROR - Monitoring error: [WinError 2] The system cannot find the file specified
2026-01-28 15:42:01,456 - ERROR - Monitoring error: [WinError 2] The system cannot find the file specified
2026-01-28 15:43:01,458 - ERROR - Monitoring error: [WinError 2] The system cannot find the file specified
2026-01-28 15:44:01,460 - ERROR - Monitoring error: [WinError 2] The system cannot find the file specified
2026-01-28 15:45:01,464 - ERROR - Monitoring error: [WinError 2] The system cannot find the file specified
2026-01-28 15:46:01,466 - ERROR - Monitoring error: [WinError 2] The system cannot find the file specified
2026-01-28 15:47:01,468 - ERROR - Monitoring error: [WinError 2] The system cannot find the file specified
2026-01-28 15:48:01,469 - ERROR - Monitoring error: [WinError 2] The system cannot find the file specified
2026-01-28 15:49:01,471 - ERROR - Monitoring error: [WinError 2] The system cannot find the file specified
2026-01-28 15:50:01,476 - ERROR - Monitoring error: [WinError 2] The system cannot find the file specified
2026-01-28 15:51:01,477 - ERROR - Monitoring error: [WinError 2] The system cannot find the file specified
2026-01-28 15:52:01,480 - ERROR - Monitoring error: [WinError 2] The system cannot find the file specified
2026-01-28 15:53:01,482 - ERROR - Monitoring error: [WinError 2] The system cannot find the file specified
2026-01-28 15:54:01,483 - ERROR - Monitoring error: [WinError 2] The system cannot find the file specified
2026-01-28 15:55:01,486 - ERROR - Monitoring error: [WinError 2] The system cannot find the file specified
2026-01-28 15:56:01,491 - ERROR - Monitoring error: [WinError 2] The system cannot find the file specified
2026-01-28 15:57:01,496 - ERROR - Monitoring error: [WinError 2] The system cannot find the file specified
2026-01-28 15:58:01,503 - ERROR - Monitoring error: [WinError 2] The system cannot find the file specified
